<?xml version="1.0" encoding="UTF-8"?>
<!-- Generated by org.testng.reporters.JUnitReportReporter -->
<testsuite hostname="users-MBP" failures="0" tests="1" name="dataDriven.excelDataProvider.excel" time="0.507" errors="0" timestamp="2023-04-16T23:25:02 WAT" skipped="0">
  <testcase classname="dataDriven.excelDataProvider.excel" name="getExcel" time="0.507"/>
  <system-out/>
</testsuite> <!-- dataDriven.excelDataProvider.excel -->
